{
  "RSpec": {
    "coverage": {
      "/Users/student/Documents/Projects/Week-4/Bookmark-Manager/app.rb": [
        1,
        1,
        null,
        1,
        null,
        1,
        1,
        null,
        null,
        1,
        1,
        1,
        null,
        null,
        null,
        1,
        null,
        null
      ],
      "/Users/student/Documents/Projects/Week-4/Bookmark-Manager/lib/bookmarks.rb": [
        1,
        null,
        1,
        1,
        2,
        2,
        null,
        0,
        null,
        2,
        4,
        null,
        null
      ],
      "/Users/student/Documents/Projects/Week-4/Bookmark-Manager/spec/features/test_spec.rb": [
        1,
        1,
        1,
        1,
        null,
        null
      ],
      "/Users/student/Documents/Projects/Week-4/Bookmark-Manager/spec/features/view_bookmarks_spec.rb": [
        1,
        1,
        null,
        1,
        null,
        null,
        1,
        null,
        1,
        1,
        1,
        null,
        null
      ],
      "/Users/student/Documents/Projects/Week-4/Bookmark-Manager/spec/unit/bookmarks_spec.rb": [
        1,
        null,
        1,
        null,
        1,
        null,
        1,
        null,
        null,
        1,
        null,
        1,
        null,
        null,
        null
      ]
    },
    "timestamp": 1570538701
  }
}
